Your overall score for this assignment is 8.26 out of 10.00


The code you submitted did not pass all of our tests: your submission achieved a score of
6.26 out of 8.00 in our tests.

In order to find bugs in your code, we advise to perform the following steps:
 - Take a close look at the test output that you can find below: it should point you to
   the part of your code that has bugs.
 - Run the tests that we provide with the handout on your code.
 - The tests we provide do not test your code in depth: they are very incomplete. In order
   to test more aspects of your code, write your own unit tests.
 - Take another very careful look at the assignment description. Try to find out if you
   misunderstood parts of it. While reading through the assignment, write more tests.

Below you can find a short feedback for every individual test that failed.

Our automated style checker tool could not find any issues with your code. You obtained the maximal
style score of 2.00.

======== LOG OF FAILED TESTS ========
Your solution achieved a testing score of 90 out of 115.

Below you can see a short feedback for every test that failed,
indicating the reason for the test failure and how many points
you lost for each individual test.

Tests that were aborted took too long too complete or crashed the
JVM. Such crashes can arise due to infinite non-terminating
loops or recursion (StackOverflowException) or excessive memory
consumption (OutOfMemoryException).

[Test Description] correct solution for level 6
[Observed Error] requirement failed
[exception was thrown] detailed error message in debug output section below
[Lost Points] 5

[Test Description] correct solution for level 33a
[Observed Error] requirement failed
[exception was thrown] detailed error message in debug output section below
[Lost Points] 5

[Test Description] correct solution for level 3
[Observed Error] requirement failed
[exception was thrown] detailed error message in debug output section below
[Lost Points] 5

[Test Description] correct solution for level 33b
[Observed Error] requirement failed
[exception was thrown] detailed error message in debug output section below
[Lost Points] 5

[Test Description] solution length when no solution is possible
[Observed Error] head of empty stream
[exception was thrown] detailed error message in debug output section below
[Lost Points] 5

======== TESTING ENVIRONMENT ========
Limits: memory: 512m,  total time: 1500s,  per test case time: 600s

======== DEBUG OUTPUT OF TESTING TOOL ========
[test failure log] test name: BloxorzSuite::correct solution for level 3::5
java.lang.IllegalArgumentException: requirement failed
scala.Predef$.require(Predef.scala:207)
streams.BloxorzSuite$SolutionChecker$$anonfun$solve$1.apply(BloxorzSuite.scala:28)
streams.BloxorzSuite$SolutionChecker$$anonfun$solve$1.apply(BloxorzSuite.scala:27)
scala.collection.LinearSeqOptimized$class.foldLeft(LinearSeqOptimized.scala:124)
scala.collection.immutable.List.foldLeft(List.scala:84)
streams.BloxorzSuite$SolutionChecker$class.solve(BloxorzSuite.scala:27)
streams.BloxorzSuite$$anonfun$14$$anon$14.solve(BloxorzSuite.scala:309)
streams.BloxorzSuite$$anonfun$14$$anon$14.<init>(BloxorzSuite.scala:310)
streams.BloxorzSuite$$anonfun$14.apply$mcV$sp(BloxorzSuite.scala:309)
ch.epfl.lamp.grading.GradingSuite$$anonfun$test$1.apply$mcV$sp(GradingSuite.scala:124)
ch.epfl.lamp.grading.GradingSuite$$anonfun$test$1.apply(GradingSuite.scala:122)
ch.epfl.lamp.grading.GradingSuite$$anonfun$test$1.apply(GradingSuite.scala:122)
org.scalatest.Transformer$$anonfun$apply$1.apply$mcV$sp(Transformer.scala:22)
org.scalatest.OutcomeOf$class.outcomeOf(OutcomeOf.scala:85)
org.scalatest.OutcomeOf$.outcomeOf(OutcomeOf.scala:104)
org.scalatest.Transformer.apply(Transformer.scala:22)
org.scalatest.Transformer.apply(Transformer.scala:20)
org.scalatest.FunSuiteLike$$anon$1.apply(FunSuiteLike.scala:166)
org.scalatest.Suite$class.withFixture(Suite.scala:1122)
org.scalatest.FunSuite.withFixture(FunSuite.scala:1555)
org.scalatest.FunSuiteLike$class.invokeWithFixture$1(FunSuiteLike.scala:163)
org.scalatest.FunSuiteLike$$anonfun$runTest$1.apply(FunSuiteLike.scala:175)
org.scalatest.FunSuiteLike$$anonfun$runTest$1.apply(FunSuiteLike.scala:175)
org.scalatest.SuperEngine.runTestImpl(Engine.scala:306)
org.scalatest.FunSuiteLike$class.runTest(FunSuiteLike.scala:175)


[test failure log] test name: BloxorzSuite::correct solution for level 6::5
java.lang.IllegalArgumentException: requirement failed
scala.Predef$.require(Predef.scala:207)
streams.BloxorzSuite$SolutionChecker$$anonfun$solve$1.apply(BloxorzSuite.scala:28)
streams.BloxorzSuite$SolutionChecker$$anonfun$solve$1.apply(BloxorzSuite.scala:27)
scala.collection.LinearSeqOptimized$class.foldLeft(LinearSeqOptimized.scala:124)
scala.collection.immutable.List.foldLeft(List.scala:84)
streams.BloxorzSuite$SolutionChecker$class.solve(BloxorzSuite.scala:27)
streams.BloxorzSuite$$anonfun$16$$anon$16.solve(BloxorzSuite.scala:321)
streams.BloxorzSuite$$anonfun$16$$anon$16.<init>(BloxorzSuite.scala:322)
streams.BloxorzSuite$$anonfun$16.apply$mcV$sp(BloxorzSuite.scala:321)
ch.epfl.lamp.grading.GradingSuite$$anonfun$test$1.apply$mcV$sp(GradingSuite.scala:124)
ch.epfl.lamp.grading.GradingSuite$$anonfun$test$1.apply(GradingSuite.scala:122)
ch.epfl.lamp.grading.GradingSuite$$anonfun$test$1.apply(GradingSuite.scala:122)
org.scalatest.Transformer$$anonfun$apply$1.apply$mcV$sp(Transformer.scala:22)
org.scalatest.OutcomeOf$class.outcomeOf(OutcomeOf.scala:85)
org.scalatest.OutcomeOf$.outcomeOf(OutcomeOf.scala:104)
org.scalatest.Transformer.apply(Transformer.scala:22)
org.scalatest.Transformer.apply(Transformer.scala:20)
org.scalatest.FunSuiteLike$$anon$1.apply(FunSuiteLike.scala:166)
org.scalatest.Suite$class.withFixture(Suite.scala:1122)
org.scalatest.FunSuite.withFixture(FunSuite.scala:1555)
org.scalatest.FunSuiteLike$class.invokeWithFixture$1(FunSuiteLike.scala:163)
org.scalatest.FunSuiteLike$$anonfun$runTest$1.apply(FunSuiteLike.scala:175)
org.scalatest.FunSuiteLike$$anonfun$runTest$1.apply(FunSuiteLike.scala:175)
org.scalatest.SuperEngine.runTestImpl(Engine.scala:306)
org.scalatest.FunSuiteLike$class.runTest(FunSuiteLike.scala:175)


[test failure log] test name: BloxorzSuite::solution length when no solution is possible::5
java.util.NoSuchElementException: head of empty stream
scala.collection.immutable.Stream$Empty$.head(Stream.scala:1168)
scala.collection.immutable.Stream$Empty$.head(Stream.scala:1166)
streams.Solver$class.solution(Solver.scala:105)
streams.BloxorzSuite$$anonfun$17$$anon$17.solution$lzycompute(BloxorzSuite.scala:327)
streams.BloxorzSuite$$anonfun$17$$anon$17.solution(BloxorzSuite.scala:327)
streams.BloxorzSuite$$anonfun$17$$anon$17.<init>(BloxorzSuite.scala:328)
streams.BloxorzSuite$$anonfun$17.apply$mcV$sp(BloxorzSuite.scala:327)
ch.epfl.lamp.grading.GradingSuite$$anonfun$test$1.apply$mcV$sp(GradingSuite.scala:124)
ch.epfl.lamp.grading.GradingSuite$$anonfun$test$1.apply(GradingSuite.scala:122)
ch.epfl.lamp.grading.GradingSuite$$anonfun$test$1.apply(GradingSuite.scala:122)
org.scalatest.Transformer$$anonfun$apply$1.apply$mcV$sp(Transformer.scala:22)
org.scalatest.OutcomeOf$class.outcomeOf(OutcomeOf.scala:85)
org.scalatest.OutcomeOf$.outcomeOf(OutcomeOf.scala:104)
org.scalatest.Transformer.apply(Transformer.scala:22)
org.scalatest.Transformer.apply(Transformer.scala:20)
org.scalatest.FunSuiteLike$$anon$1.apply(FunSuiteLike.scala:166)
org.scalatest.Suite$class.withFixture(Suite.scala:1122)
org.scalatest.FunSuite.withFixture(FunSuite.scala:1555)
org.scalatest.FunSuiteLike$class.invokeWithFixture$1(FunSuiteLike.scala:163)
org.scalatest.FunSuiteLike$$anonfun$runTest$1.apply(FunSuiteLike.scala:175)
org.scalatest.FunSuiteLike$$anonfun$runTest$1.apply(FunSuiteLike.scala:175)
org.scalatest.SuperEngine.runTestImpl(Engine.scala:306)
org.scalatest.FunSuiteLike$class.runTest(FunSuiteLike.scala:175)
org.scalatest.FunSuite.runTest(FunSuite.scala:1555)
org.scalatest.FunSuiteLike$$anonfun$runTests$1.apply(FunSuiteLike.scala:208)


[test failure log] test name: BloxorzSuite::correct solution for level 33a::5
java.lang.IllegalArgumentException: requirement failed
scala.Predef$.require(Predef.scala:207)
streams.BloxorzSuite$SolutionChecker$$anonfun$solve$1.apply(BloxorzSuite.scala:28)
streams.BloxorzSuite$SolutionChecker$$anonfun$solve$1.apply(BloxorzSuite.scala:27)
scala.collection.LinearSeqOptimized$class.foldLeft(LinearSeqOptimized.scala:124)
scala.collection.immutable.List.foldLeft(List.scala:84)
streams.BloxorzSuite$SolutionChecker$class.solve(BloxorzSuite.scala:27)
streams.BloxorzSuite$$anonfun$19$$anon$19.solve(BloxorzSuite.scala:339)
streams.BloxorzSuite$$anonfun$19$$anon$19.<init>(BloxorzSuite.scala:340)
streams.BloxorzSuite$$anonfun$19.apply$mcV$sp(BloxorzSuite.scala:339)
ch.epfl.lamp.grading.GradingSuite$$anonfun$test$1.apply$mcV$sp(GradingSuite.scala:124)
ch.epfl.lamp.grading.GradingSuite$$anonfun$test$1.apply(GradingSuite.scala:122)
ch.epfl.lamp.grading.GradingSuite$$anonfun$test$1.apply(GradingSuite.scala:122)
org.scalatest.Transformer$$anonfun$apply$1.apply$mcV$sp(Transformer.scala:22)
org.scalatest.OutcomeOf$class.outcomeOf(OutcomeOf.scala:85)
org.scalatest.OutcomeOf$.outcomeOf(OutcomeOf.scala:104)
org.scalatest.Transformer.apply(Transformer.scala:22)
org.scalatest.Transformer.apply(Transformer.scala:20)
org.scalatest.FunSuiteLike$$anon$1.apply(FunSuiteLike.scala:166)
org.scalatest.Suite$class.withFixture(Suite.scala:1122)
org.scalatest.FunSuite.withFixture(FunSuite.scala:1555)
org.scalatest.FunSuiteLike$class.invokeWithFixture$1(FunSuiteLike.scala:163)
org.scalatest.FunSuiteLike$$anonfun$runTest$1.apply(FunSuiteLike.scala:175)
org.scalatest.FunSuiteLike$$anonfun$runTest$1.apply(FunSuiteLike.scala:175)
org.scalatest.SuperEngine.runTestImpl(Engine.scala:306)
org.scalatest.FunSuiteLike$class.runTest(FunSuiteLike.scala:175)


[test failure log] test name: BloxorzSuite::correct solution for level 33b::5
java.lang.IllegalArgumentException: requirement failed
scala.Predef$.require(Predef.scala:207)
streams.BloxorzSuite$SolutionChecker$$anonfun$solve$1.apply(BloxorzSuite.scala:28)
streams.BloxorzSuite$SolutionChecker$$anonfun$solve$1.apply(BloxorzSuite.scala:27)
scala.collection.LinearSeqOptimized$class.foldLeft(LinearSeqOptimized.scala:124)
scala.collection.immutable.List.foldLeft(List.scala:84)
streams.BloxorzSuite$SolutionChecker$class.solve(BloxorzSuite.scala:27)
streams.BloxorzSuite$$anonfun$21$$anon$21.solve(BloxorzSuite.scala:351)
streams.BloxorzSuite$$anonfun$21$$anon$21.<init>(BloxorzSuite.scala:352)
streams.BloxorzSuite$$anonfun$21.apply$mcV$sp(BloxorzSuite.scala:351)
ch.epfl.lamp.grading.GradingSuite$$anonfun$test$1.apply$mcV$sp(GradingSuite.scala:124)
ch.epfl.lamp.grading.GradingSuite$$anonfun$test$1.apply(GradingSuite.scala:122)
ch.epfl.lamp.grading.GradingSuite$$anonfun$test$1.apply(GradingSuite.scala:122)
org.scalatest.Transformer$$anonfun$apply$1.apply$mcV$sp(Transformer.scala:22)
org.scalatest.OutcomeOf$class.outcomeOf(OutcomeOf.scala:85)
org.scalatest.OutcomeOf$.outcomeOf(OutcomeOf.scala:104)
org.scalatest.Transformer.apply(Transformer.scala:22)
org.scalatest.Transformer.apply(Transformer.scala:20)
org.scalatest.FunSuiteLike$$anon$1.apply(FunSuiteLike.scala:166)
org.scalatest.Suite$class.withFixture(Suite.scala:1122)
org.scalatest.FunSuite.withFixture(FunSuite.scala:1555)
org.scalatest.FunSuiteLike$class.invokeWithFixture$1(FunSuiteLike.scala:163)
org.scalatest.FunSuiteLike$$anonfun$runTest$1.apply(FunSuiteLike.scala:175)
org.scalatest.FunSuiteLike$$anonfun$runTest$1.apply(FunSuiteLike.scala:175)
org.scalatest.SuperEngine.runTestImpl(Engine.scala:306)
org.scalatest.FunSuiteLike$class.runTest(FunSuiteLike.scala:175)
